<?xml version="1.0" encoding="utf-8"?>
<test-run id="2" name="Delegates.PairsAnalysis.exe" fullname="C:/MyRepo/Delegates.PairsAnalysis/Delegates.PairsAnalysis.csproj/bin/Debug/Delegates.PairsAnalysis.exe" testcasecount="4" result="Passed" start-time="2018-05-07 11:49:57Z" end-time="2018-05-07 11:49:57Z" duration="0.161352" total="4" passed="4" failed="0" inconclusive="0" skipped="0" asserts="4" random-seed="427889909">
  <command-line><![CDATA["C:\MyRepo\Delegates.PairsAnalysis\Delegates.PairsAnalysis.csproj\bin\Debug\Delegates.PairsAnalysis.exe"   ]]></command-line>
  <filter />
  <test-suite type="Assembly" id="1005" name="Delegates.PairsAnalysis.exe" fullname="C:/MyRepo/Delegates.PairsAnalysis/Delegates.PairsAnalysis.csproj/bin/Debug/Delegates.PairsAnalysis.exe" runstate="Runnable" testcasecount="4" result="Passed" start-time="2018-05-07 11:49:57Z" end-time="2018-05-07 11:49:57Z" duration="0.161352" total="4" passed="4" failed="0" warnings="0" inconclusive="0" skipped="0" asserts="4">
    <environment framework-version="3.6.0.0" clr-version="4.0.30319.42000" os-version="Microsoft Windows NT 6.2.9200.0" platform="Win32NT" cwd="C:\MyRepo\Delegates.PairsAnalysis\Delegates.PairsAnalysis.csproj\bin\Debug" machine-name="MSK-WS-120" user="aaltukhov" user-domain="INT" culture="ru-RU" uiculture="en-US" os-architecture="x86" />
    <settings>
      <setting name="WorkDirectory" value="C:\MyRepo\Delegates.PairsAnalysis\Delegates.PairsAnalysis.csproj\bin\Debug" />
      <setting name="NumberOfTestWorkers" value="4" />
    </settings>
    <properties>
      <property name="_PID" value="15200" />
      <property name="_APPDOMAIN" value="Delegates.PairsAnalysis.exe" />
    </properties>
    <test-suite type="TestSuite" id="1006" name="Delegates" fullname="Delegates" runstate="Runnable" testcasecount="4" result="Passed" start-time="2018-05-07 11:49:57Z" end-time="2018-05-07 11:49:57Z" duration="0.140461" total="4" passed="4" failed="0" warnings="0" inconclusive="0" skipped="0" asserts="4">
      <test-suite type="TestSuite" id="1007" name="PairsAnalysis" fullname="Delegates.PairsAnalysis" runstate="Runnable" testcasecount="4" result="Passed" start-time="2018-05-07 11:49:57Z" end-time="2018-05-07 11:49:57Z" duration="0.122700" total="4" passed="4" failed="0" warnings="0" inconclusive="0" skipped="0" asserts="4">
        <test-suite type="TestFixture" id="1000" name="Analysis_should" fullname="Delegates.PairsAnalysis.Analysis_should" classname="Delegates.PairsAnalysis.Analysis_should" runstate="Runnable" testcasecount="4" result="Passed" start-time="2018-05-07 11:49:57Z" end-time="2018-05-07 11:49:57Z" duration="0.105124" total="4" passed="4" failed="0" warnings="0" inconclusive="0" skipped="0" asserts="4">
          <test-case id="1001" name="ProcessDatesCorrectly" fullname="Delegates.PairsAnalysis.Analysis_should.ProcessDatesCorrectly" methodname="ProcessDatesCorrectly" classname="Delegates.PairsAnalysis.Analysis_should" runstate="Runnable" seed="909724544" result="Passed" start-time="2018-05-07 11:49:57Z" end-time="2018-05-07 11:49:57Z" duration="0.014017" asserts="1" />
          <test-case id="1004" name="ProcessDoublesCorrectly" fullname="Delegates.PairsAnalysis.Analysis_should.ProcessDoublesCorrectly" methodname="ProcessDoublesCorrectly" classname="Delegates.PairsAnalysis.Analysis_should" runstate="Runnable" seed="1607947501" result="Passed" start-time="2018-05-07 11:49:57Z" end-time="2018-05-07 11:49:57Z" duration="0.003184" asserts="1" />
          <test-case id="1002" name="ThrowsAtEmptyCollection" fullname="Delegates.PairsAnalysis.Analysis_should.ThrowsAtEmptyCollection" methodname="ThrowsAtEmptyCollection" classname="Delegates.PairsAnalysis.Analysis_should" runstate="Runnable" seed="1426591515" result="Passed" start-time="2018-05-07 11:49:57Z" end-time="2018-05-07 11:49:57Z" duration="0.009890" asserts="1" />
          <test-case id="1003" name="ThrowsAtOneElementCollection" fullname="Delegates.PairsAnalysis.Analysis_should.ThrowsAtOneElementCollection" methodname="ThrowsAtOneElementCollection" classname="Delegates.PairsAnalysis.Analysis_should" runstate="Runnable" seed="2047760097" result="Passed" start-time="2018-05-07 11:49:57Z" end-time="2018-05-07 11:49:57Z" duration="0.000449" asserts="1" />
        </test-suite>
      </test-suite>
    </test-suite>
  </test-suite>
</test-run>